

Microchip MPLAB XC8 Assembler V2.10 build 88905656 
                                                                                               Thu Feb 27 14:39:22 2020

Microchip MPLAB XC8 C Compiler v2.10 (Free license) build 20190730164152 Og1 
     1                           	processor	16F887
     2                           	opt	pw 120
     3                           	opt	flic
     4                           	psect	cinit,global,class=CODE,merge=1,delta=2
     5                           	psect	bssCOMMON,global,class=COMMON,space=1,delta=1
     6                           	psect	cstackCOMMON,global,class=COMMON,space=1,delta=1
     7                           	psect	maintext,global,class=CODE,split=1,delta=2
     8                           	psect	text1,local,class=CODE,merge=1,delta=2
     9                           	psect	text2,local,class=CODE,merge=1,delta=2
    10                           	psect	text3,local,class=CODE,merge=1,delta=2
    11                           	psect	text4,local,class=CODE,merge=1,delta=2
    12                           	psect	text5,local,class=CODE,merge=1,delta=2
    13                           	psect	intentry,global,class=CODE,delta=2
    14                           	dabs	1,0x7E,2
    15  0000                     
    16                           ; Version 2.10
    17                           ; Generated 31/07/2019 GMT
    18                           ; 
    19                           ; Copyright © 2019, Microchip Technology Inc. and its subsidiaries ("Microchip")
    20                           ; All rights reserved.
    21                           ; 
    22                           ; This software is developed by Microchip Technology Inc. and its subsidiaries ("Microch
      +                          ip").
    23                           ; 
    24                           ; Redistribution and use in source and binary forms, with or without modification, are
    25                           ; permitted provided that the following conditions are met:
    26                           ; 
    27                           ;     1. Redistributions of source code must retain the above copyright notice, this lis
      +                          t of
    28                           ;        conditions and the following disclaimer.
    29                           ; 
    30                           ;     2. Redistributions in binary form must reproduce the above copyright notice, this 
      +                          list
    31                           ;        of conditions and the following disclaimer in the documentation and/or other
    32                           ;        materials provided with the distribution.
    33                           ; 
    34                           ;     3. Microchip's name may not be used to endorse or promote products derived from th
      +                          is
    35                           ;        software without specific prior written permission.
    36                           ; 
    37                           ; THIS SOFTWARE IS PROVIDED BY MICROCHIP "AS IS" AND ANY EXPRESS OR IMPLIED WARRANTIES,
    38                           ; INCLUDING, BUT NOT LIMITED TO, THE IMPLIED WARRANTIES OF MERCHANTABILITY AND FITNESS F
      +                          OR
    39                           ; PURPOSE ARE DISCLAIMED.  IN NO EVENT SHALL MICROCHIP BE LIABLE FOR ANY DIRECT, INDIREC
      +                          T,
    40                           ; INCIDENTAL, SPECIAL, EXEMPLARY, OR CONSEQUENTIAL DAMAGES (INCLUDING BUT NOT LIMITED TO
    41                           ; PROCUREMENT OF SUBSTITUTE GOODS OR SERVICES; LOSS OF USE, DATA OR PROFITS; OR BUSINESS
    42                           ; INTERRUPTION) HOWSOEVER CAUSED AND ON ANY THEORY OF LIABILITY, WHETHER IN CONTRACT, ST
      +                          RICT
    43                           ; LIABILITY, OR TORT (INCLUDING NEGLIGENCE OR OTHERWISE) ARISING IN ANY WAY OUT OF THE U
      +                          SE OF
    44                           ; THIS SOFTWARE, EVEN IF ADVISED OF THE POSSIBILITY OF SUCH DAMAGE.
    45                           ; 
    46                           ; 
    47                           ; Code-generator required, PIC16F887 Definitions
    48                           ; 
    49                           ; SFR Addresses
    50  0000                     	;# 
    51  0001                     	;# 
    52  0002                     	;# 
    53  0003                     	;# 
    54  0004                     	;# 
    55  0005                     	;# 
    56  0006                     	;# 
    57  0007                     	;# 
    58  0008                     	;# 
    59  0009                     	;# 
    60  000A                     	;# 
    61  000B                     	;# 
    62  000C                     	;# 
    63  000D                     	;# 
    64  000E                     	;# 
    65  000E                     	;# 
    66  000F                     	;# 
    67  0010                     	;# 
    68  0011                     	;# 
    69  0012                     	;# 
    70  0013                     	;# 
    71  0014                     	;# 
    72  0015                     	;# 
    73  0015                     	;# 
    74  0016                     	;# 
    75  0017                     	;# 
    76  0018                     	;# 
    77  0019                     	;# 
    78  001A                     	;# 
    79  001B                     	;# 
    80  001B                     	;# 
    81  001C                     	;# 
    82  001D                     	;# 
    83  001E                     	;# 
    84  001F                     	;# 
    85  0081                     	;# 
    86  0085                     	;# 
    87  0086                     	;# 
    88  0087                     	;# 
    89  0088                     	;# 
    90  0089                     	;# 
    91  008C                     	;# 
    92  008D                     	;# 
    93  008E                     	;# 
    94  008F                     	;# 
    95  0090                     	;# 
    96  0091                     	;# 
    97  0092                     	;# 
    98  0093                     	;# 
    99  0093                     	;# 
   100  0093                     	;# 
   101  0094                     	;# 
   102  0095                     	;# 
   103  0096                     	;# 
   104  0097                     	;# 
   105  0098                     	;# 
   106  0099                     	;# 
   107  009A                     	;# 
   108  009B                     	;# 
   109  009C                     	;# 
   110  009D                     	;# 
   111  009E                     	;# 
   112  009F                     	;# 
   113  0105                     	;# 
   114  0107                     	;# 
   115  0108                     	;# 
   116  0109                     	;# 
   117  010C                     	;# 
   118  010C                     	;# 
   119  010D                     	;# 
   120  010E                     	;# 
   121  010F                     	;# 
   122  0185                     	;# 
   123  0187                     	;# 
   124  0188                     	;# 
   125  0189                     	;# 
   126  018C                     	;# 
   127  018D                     	;# 
   128  0000                     	;# 
   129  0001                     	;# 
   130  0002                     	;# 
   131  0003                     	;# 
   132  0004                     	;# 
   133  0005                     	;# 
   134  0006                     	;# 
   135  0007                     	;# 
   136  0008                     	;# 
   137  0009                     	;# 
   138  000A                     	;# 
   139  000B                     	;# 
   140  000C                     	;# 
   141  000D                     	;# 
   142  000E                     	;# 
   143  000E                     	;# 
   144  000F                     	;# 
   145  0010                     	;# 
   146  0011                     	;# 
   147  0012                     	;# 
   148  0013                     	;# 
   149  0014                     	;# 
   150  0015                     	;# 
   151  0015                     	;# 
   152  0016                     	;# 
   153  0017                     	;# 
   154  0018                     	;# 
   155  0019                     	;# 
   156  001A                     	;# 
   157  001B                     	;# 
   158  001B                     	;# 
   159  001C                     	;# 
   160  001D                     	;# 
   161  001E                     	;# 
   162  001F                     	;# 
   163  0081                     	;# 
   164  0085                     	;# 
   165  0086                     	;# 
   166  0087                     	;# 
   167  0088                     	;# 
   168  0089                     	;# 
   169  008C                     	;# 
   170  008D                     	;# 
   171  008E                     	;# 
   172  008F                     	;# 
   173  0090                     	;# 
   174  0091                     	;# 
   175  0092                     	;# 
   176  0093                     	;# 
   177  0093                     	;# 
   178  0093                     	;# 
   179  0094                     	;# 
   180  0095                     	;# 
   181  0096                     	;# 
   182  0097                     	;# 
   183  0098                     	;# 
   184  0099                     	;# 
   185  009A                     	;# 
   186  009B                     	;# 
   187  009C                     	;# 
   188  009D                     	;# 
   189  009E                     	;# 
   190  009F                     	;# 
   191  0105                     	;# 
   192  0107                     	;# 
   193  0108                     	;# 
   194  0109                     	;# 
   195  010C                     	;# 
   196  010C                     	;# 
   197  010D                     	;# 
   198  010E                     	;# 
   199  010F                     	;# 
   200  0185                     	;# 
   201  0187                     	;# 
   202  0188                     	;# 
   203  0189                     	;# 
   204  018C                     	;# 
   205  018D                     	;# 
   206  0000                     	;# 
   207  0001                     	;# 
   208  0002                     	;# 
   209  0003                     	;# 
   210  0004                     	;# 
   211  0005                     	;# 
   212  0006                     	;# 
   213  0007                     	;# 
   214  0008                     	;# 
   215  0009                     	;# 
   216  000A                     	;# 
   217  000B                     	;# 
   218  000C                     	;# 
   219  000D                     	;# 
   220  000E                     	;# 
   221  000E                     	;# 
   222  000F                     	;# 
   223  0010                     	;# 
   224  0011                     	;# 
   225  0012                     	;# 
   226  0013                     	;# 
   227  0014                     	;# 
   228  0015                     	;# 
   229  0015                     	;# 
   230  0016                     	;# 
   231  0017                     	;# 
   232  0018                     	;# 
   233  0019                     	;# 
   234  001A                     	;# 
   235  001B                     	;# 
   236  001B                     	;# 
   237  001C                     	;# 
   238  001D                     	;# 
   239  001E                     	;# 
   240  001F                     	;# 
   241  0081                     	;# 
   242  0085                     	;# 
   243  0086                     	;# 
   244  0087                     	;# 
   245  0088                     	;# 
   246  0089                     	;# 
   247  008C                     	;# 
   248  008D                     	;# 
   249  008E                     	;# 
   250  008F                     	;# 
   251  0090                     	;# 
   252  0091                     	;# 
   253  0092                     	;# 
   254  0093                     	;# 
   255  0093                     	;# 
   256  0093                     	;# 
   257  0094                     	;# 
   258  0095                     	;# 
   259  0096                     	;# 
   260  0097                     	;# 
   261  0098                     	;# 
   262  0099                     	;# 
   263  009A                     	;# 
   264  009B                     	;# 
   265  009C                     	;# 
   266  009D                     	;# 
   267  009E                     	;# 
   268  009F                     	;# 
   269  0105                     	;# 
   270  0107                     	;# 
   271  0108                     	;# 
   272  0109                     	;# 
   273  010C                     	;# 
   274  010C                     	;# 
   275  010D                     	;# 
   276  010E                     	;# 
   277  010F                     	;# 
   278  0185                     	;# 
   279  0187                     	;# 
   280  0188                     	;# 
   281  0189                     	;# 
   282  018C                     	;# 
   283  018D                     	;# 
   284  0000                     	;# 
   285  0001                     	;# 
   286  0002                     	;# 
   287  0003                     	;# 
   288  0004                     	;# 
   289  0005                     	;# 
   290  0006                     	;# 
   291  0007                     	;# 
   292  0008                     	;# 
   293  0009                     	;# 
   294  000A                     	;# 
   295  000B                     	;# 
   296  000C                     	;# 
   297  000D                     	;# 
   298  000E                     	;# 
   299  000E                     	;# 
   300  000F                     	;# 
   301  0010                     	;# 
   302  0011                     	;# 
   303  0012                     	;# 
   304  0013                     	;# 
   305  0014                     	;# 
   306  0015                     	;# 
   307  0015                     	;# 
   308  0016                     	;# 
   309  0017                     	;# 
   310  0018                     	;# 
   311  0019                     	;# 
   312  001A                     	;# 
   313  001B                     	;# 
   314  001B                     	;# 
   315  001C                     	;# 
   316  001D                     	;# 
   317  001E                     	;# 
   318  001F                     	;# 
   319  0081                     	;# 
   320  0085                     	;# 
   321  0086                     	;# 
   322  0087                     	;# 
   323  0088                     	;# 
   324  0089                     	;# 
   325  008C                     	;# 
   326  008D                     	;# 
   327  008E                     	;# 
   328  008F                     	;# 
   329  0090                     	;# 
   330  0091                     	;# 
   331  0092                     	;# 
   332  0093                     	;# 
   333  0093                     	;# 
   334  0093                     	;# 
   335  0094                     	;# 
   336  0095                     	;# 
   337  0096                     	;# 
   338  0097                     	;# 
   339  0098                     	;# 
   340  0099                     	;# 
   341  009A                     	;# 
   342  009B                     	;# 
   343  009C                     	;# 
   344  009D                     	;# 
   345  009E                     	;# 
   346  009F                     	;# 
   347  0105                     	;# 
   348  0107                     	;# 
   349  0108                     	;# 
   350  0109                     	;# 
   351  010C                     	;# 
   352  010C                     	;# 
   353  010D                     	;# 
   354  010E                     	;# 
   355  010F                     	;# 
   356  0185                     	;# 
   357  0187                     	;# 
   358  0188                     	;# 
   359  0189                     	;# 
   360  018C                     	;# 
   361  018D                     	;# 
   362  0000                     	;# 
   363  0001                     	;# 
   364  0002                     	;# 
   365  0003                     	;# 
   366  0004                     	;# 
   367  0005                     	;# 
   368  0006                     	;# 
   369  0007                     	;# 
   370  0008                     	;# 
   371  0009                     	;# 
   372  000A                     	;# 
   373  000B                     	;# 
   374  000C                     	;# 
   375  000D                     	;# 
   376  000E                     	;# 
   377  000E                     	;# 
   378  000F                     	;# 
   379  0010                     	;# 
   380  0011                     	;# 
   381  0012                     	;# 
   382  0013                     	;# 
   383  0014                     	;# 
   384  0015                     	;# 
   385  0015                     	;# 
   386  0016                     	;# 
   387  0017                     	;# 
   388  0018                     	;# 
   389  0019                     	;# 
   390  001A                     	;# 
   391  001B                     	;# 
   392  001B                     	;# 
   393  001C                     	;# 
   394  001D                     	;# 
   395  001E                     	;# 
   396  001F                     	;# 
   397  0081                     	;# 
   398  0085                     	;# 
   399  0086                     	;# 
   400  0087                     	;# 
   401  0088                     	;# 
   402  0089                     	;# 
   403  008C                     	;# 
   404  008D                     	;# 
   405  008E                     	;# 
   406  008F                     	;# 
   407  0090                     	;# 
   408  0091                     	;# 
   409  0092                     	;# 
   410  0093                     	;# 
   411  0093                     	;# 
   412  0093                     	;# 
   413  0094                     	;# 
   414  0095                     	;# 
   415  0096                     	;# 
   416  0097                     	;# 
   417  0098                     	;# 
   418  0099                     	;# 
   419  009A                     	;# 
   420  009B                     	;# 
   421  009C                     	;# 
   422  009D                     	;# 
   423  009E                     	;# 
   424  009F                     	;# 
   425  0105                     	;# 
   426  0107                     	;# 
   427  0108                     	;# 
   428  0109                     	;# 
   429  010C                     	;# 
   430  010C                     	;# 
   431  010D                     	;# 
   432  010E                     	;# 
   433  010F                     	;# 
   434  0185                     	;# 
   435  0187                     	;# 
   436  0188                     	;# 
   437  0189                     	;# 
   438  018C                     	;# 
   439  018D                     	;# 
   440  001E                     _ADRESH	set	30
   441  001F                     _ADCON0bits	set	31
   442  0005                     _PORTA	set	5
   443  0009                     _PORTE	set	9
   444  0007                     _PORTC	set	7
   445  0006                     _PORTB	set	6
   446  0008                     _PORTD	set	8
   447  0014                     _SSPCONbits	set	20
   448  000C                     _PIR1bits	set	12
   449  0013                     _SSPBUF	set	19
   450  0014                     _SSPCON	set	20
   451  0063                     _SSPIF	set	99
   452  005E                     _PEIE	set	94
   453  005F                     _GIE	set	95
   454  008F                     _OSCCONbits	set	143
   455  009F                     _ADCON1bits	set	159
   456  0089                     _TRISE	set	137
   457  0088                     _TRISD	set	136
   458  0087                     _TRISC	set	135
   459  0086                     _TRISB	set	134
   460  0085                     _TRISA	set	133
   461  0094                     _SSPSTATbits	set	148
   462  0091                     _SSPCON2bits	set	145
   463  0087                     _TRISCbits	set	135
   464  0094                     _SSPSTAT	set	148
   465  0093                     _SSPADD	set	147
   466  0091                     _SSPCON2	set	145
   467  04A0                     _BF	set	1184
   468  0463                     _SSPIE	set	1123
   469  043C                     _TRISC4	set	1084
   470  043B                     _TRISC3	set	1083
   471  0189                     _ANSELH	set	393
   472  0188                     _ANSEL	set	392
   473                           
   474                           ; #config settings
   475  0000                     
   476                           	psect	cinit
   477  000F                     start_initialization:	
   478  000F                     __initialization:	
   479                           
   480                           ; Clear objects allocated to COMMON
   481  000F  01F6               	clrf	__pbssCOMMON& (0+127)
   482  0010  01F7               	clrf	(__pbssCOMMON+1)& (0+127)
   483  0011                     end_of_initialization:	
   484                           ;End of C runtime variable initialization code
   485                           
   486  0011                     __end_of__initialization:	
   487  0011  0183               	clrf	3
   488  0012  120A  118A  2935   	ljmp	_main	;jump to C main() function
   489                           
   490                           	psect	bssCOMMON
   491  0076                     __pbssCOMMON:	
   492  0076                     _z:	
   493  0076                     	ds	1
   494  0077                     _adc:	
   495  0077                     	ds	1
   496                           
   497                           	psect	cstackCOMMON
   498  0070                     __pcstackCOMMON:	
   499  0070                     ?_SETUP:	
   500  0070                     ?_initOsc:	
   501                           ; 1 bytes @ 0x0
   502                           
   503  0070                     ?_ADC1:	
   504                           ; 1 bytes @ 0x0
   505                           
   506  0070                     ?_I2C_Slave_Init:	
   507                           ; 1 bytes @ 0x0
   508                           
   509  0070                     ?_isr:	
   510                           ; 1 bytes @ 0x0
   511                           
   512  0070                     ??_isr:	
   513                           ; 1 bytes @ 0x0
   514                           
   515  0070                     ?_main:	
   516                           ; 1 bytes @ 0x0
   517                           
   518                           
   519                           ; 1 bytes @ 0x0
   520  0070                     	ds	3
   521  0073                     ??_initOsc:	
   522  0073                     ??_ADC1:	
   523                           ; 1 bytes @ 0x3
   524                           
   525  0073                     ??_I2C_Slave_Init:	
   526                           ; 1 bytes @ 0x3
   527                           
   528  0073                     I2C_Slave_Init@address:	
   529                           ; 1 bytes @ 0x3
   530                           
   531                           
   532                           ; 1 bytes @ 0x3
   533  0073                     	ds	1
   534  0074                     ??_SETUP:	
   535                           
   536                           ; 1 bytes @ 0x4
   537  0074                     	ds	1
   538  0075                     initOsc@frec:	
   539                           
   540                           ; 1 bytes @ 0x5
   541  0075                     	ds	1
   542  0076                     ??_main:	
   543                           
   544                           	psect	maintext
   545  0135                     __pmaintext:	
   546                           ; 1 bytes @ 0x6
   547 ;;
   548 ;;Main: autosize = 0, tempsize = 0, incstack = 0, save=0
   549 ;;
   550 ;; *************** function _main *****************
   551 ;; Defined at:
   552 ;;		line 77 in file "Lab5_SLAVE4.c"
   553 ;; Parameters:    Size  Location     Type
   554 ;;		None
   555 ;; Auto vars:     Size  Location     Type
   556 ;;		None
   557 ;; Return value:  Size  Location     Type
   558 ;;                  1    wreg      void 
   559 ;; Registers used:
   560 ;;		wreg, fsr0l, fsr0h, status,2, status,0, pclath, cstack
   561 ;; Tracked objects:
   562 ;;		On entry : B00/0
   563 ;;		On exit  : 0/0
   564 ;;		Unchanged: 0/0
   565 ;; Data sizes:     COMMON   BANK0   BANK1   BANK3   BANK2
   566 ;;      Params:         0       0       0       0       0
   567 ;;      Locals:         0       0       0       0       0
   568 ;;      Temps:          0       0       0       0       0
   569 ;;      Totals:         0       0       0       0       0
   570 ;;Total ram usage:        0 bytes
   571 ;; Hardware stack levels required when called:    3
   572 ;; This function calls:
   573 ;;		_ADC1
   574 ;;		_SETUP
   575 ;;		_initOsc
   576 ;; This function is called by:
   577 ;;		Startup code after reset
   578 ;; This function uses a non-reentrant model
   579 ;;
   580                           
   581                           
   582                           ;psect for function _main
   583  0135                     _main:	
   584  0135                     l907:	
   585                           ;incstack = 0
   586                           ; Regs used in _main: [wreg-fsr0h+status,2+status,0+pclath+cstack]
   587                           
   588                           
   589                           ;Lab5_SLAVE4.c: 78:     SETUP();
   590  0135  120A  118A  20FF  120A  118A  	fcall	_SETUP
   591  013A                     l909:	
   592                           
   593                           ;Lab5_SLAVE4.c: 79:     initOsc(6);
   594  013A  3006               	movlw	6
   595  013B  120A  118A  2076  120A  118A  	fcall	_initOsc
   596  0140                     l911:	
   597                           
   598                           ;Lab5_SLAVE4.c: 81:       ADC1();
   599  0140  120A  118A  20D2  120A  118A  	fcall	_ADC1
   600  0145  2940               	goto	l911
   601  0146  120A  118A  280C   	ljmp	start
   602  0149                     __end_of_main:	
   603                           
   604                           	psect	text1
   605  0076                     __ptext1:	
   606 ;; *************** function _initOsc *****************
   607 ;; Defined at:
   608 ;;		line 9 in file "OSCILADOR.c"
   609 ;; Parameters:    Size  Location     Type
   610 ;;  frec            1    wreg     unsigned char 
   611 ;; Auto vars:     Size  Location     Type
   612 ;;  frec            1    5[COMMON] unsigned char 
   613 ;; Return value:  Size  Location     Type
   614 ;;                  1    wreg      void 
   615 ;; Registers used:
   616 ;;		wreg, fsr0l, fsr0h, status,2, status,0
   617 ;; Tracked objects:
   618 ;;		On entry : 0/0
   619 ;;		On exit  : 0/0
   620 ;;		Unchanged: 0/0
   621 ;; Data sizes:     COMMON   BANK0   BANK1   BANK3   BANK2
   622 ;;      Params:         0       0       0       0       0
   623 ;;      Locals:         1       0       0       0       0
   624 ;;      Temps:          2       0       0       0       0
   625 ;;      Totals:         3       0       0       0       0
   626 ;;Total ram usage:        3 bytes
   627 ;; Hardware stack levels used:    1
   628 ;; Hardware stack levels required when called:    1
   629 ;; This function calls:
   630 ;;		Nothing
   631 ;; This function is called by:
   632 ;;		_main
   633 ;; This function uses a non-reentrant model
   634 ;;
   635                           
   636                           
   637                           ;psect for function _initOsc
   638  0076                     _initOsc:	
   639                           
   640                           ;incstack = 0
   641                           ; Regs used in _initOsc: [wreg-fsr0h+status,2+status,0]
   642                           ;initOsc@frec stored from wreg
   643  0076  00F5               	movwf	initOsc@frec
   644  0077                     l803:	
   645                           
   646                           ;OSCILADOR.c: 10:     switch(frec){
   647  0077  28AE               	goto	l807
   648  0078                     l161:	
   649                           ;OSCILADOR.c: 11:         case 0:
   650                           
   651                           
   652                           ;OSCILADOR.c: 12:             OSCCONbits.IRCF0 = 0;
   653  0078  1683               	bsf	3,5	;RP0=1, select bank1
   654  0079  1303               	bcf	3,6	;RP1=0, select bank1
   655  007A  120F               	bcf	15,4	;volatile
   656                           
   657                           ;OSCILADOR.c: 13:             OSCCONbits.IRCF1 = 0;
   658  007B  128F               	bcf	15,5	;volatile
   659                           
   660                           ;OSCILADOR.c: 14:             OSCCONbits.IRCF2 = 0;
   661  007C  130F               	bcf	15,6	;volatile
   662                           
   663                           ;OSCILADOR.c: 15:             break;
   664  007D  28D0               	goto	l162
   665  007E                     l163:	
   666                           ;OSCILADOR.c: 16:         case 1:
   667                           
   668                           
   669                           ;OSCILADOR.c: 17:             OSCCONbits.IRCF0 = 1;
   670  007E  1683               	bsf	3,5	;RP0=1, select bank1
   671  007F  1303               	bcf	3,6	;RP1=0, select bank1
   672  0080  160F               	bsf	15,4	;volatile
   673                           
   674                           ;OSCILADOR.c: 18:             OSCCONbits.IRCF1 = 0;
   675  0081  128F               	bcf	15,5	;volatile
   676                           
   677                           ;OSCILADOR.c: 19:             OSCCONbits.IRCF2 = 0;
   678  0082  130F               	bcf	15,6	;volatile
   679                           
   680                           ;OSCILADOR.c: 20:             break;
   681  0083  28D0               	goto	l162
   682  0084                     l164:	
   683                           ;OSCILADOR.c: 21:         case 2:
   684                           
   685                           
   686                           ;OSCILADOR.c: 22:             OSCCONbits.IRCF0 = 0;
   687  0084  1683               	bsf	3,5	;RP0=1, select bank1
   688  0085  1303               	bcf	3,6	;RP1=0, select bank1
   689  0086  120F               	bcf	15,4	;volatile
   690                           
   691                           ;OSCILADOR.c: 23:             OSCCONbits.IRCF1 = 1;
   692  0087  168F               	bsf	15,5	;volatile
   693                           
   694                           ;OSCILADOR.c: 24:             OSCCONbits.IRCF2 = 0;
   695  0088  130F               	bcf	15,6	;volatile
   696                           
   697                           ;OSCILADOR.c: 25:             break;
   698  0089  28D0               	goto	l162
   699  008A                     l165:	
   700                           ;OSCILADOR.c: 26:         case 3:
   701                           
   702                           
   703                           ;OSCILADOR.c: 27:             OSCCONbits.IRCF0 = 1;
   704  008A  1683               	bsf	3,5	;RP0=1, select bank1
   705  008B  1303               	bcf	3,6	;RP1=0, select bank1
   706  008C  160F               	bsf	15,4	;volatile
   707                           
   708                           ;OSCILADOR.c: 28:             OSCCONbits.IRCF1 = 1;
   709  008D  168F               	bsf	15,5	;volatile
   710                           
   711                           ;OSCILADOR.c: 29:             OSCCONbits.IRCF2 = 0;
   712  008E  130F               	bcf	15,6	;volatile
   713                           
   714                           ;OSCILADOR.c: 30:             break;
   715  008F  28D0               	goto	l162
   716  0090                     l166:	
   717                           ;OSCILADOR.c: 31:         case 4:
   718                           
   719                           
   720                           ;OSCILADOR.c: 32:             OSCCONbits.IRCF0 = 0;
   721  0090  1683               	bsf	3,5	;RP0=1, select bank1
   722  0091  1303               	bcf	3,6	;RP1=0, select bank1
   723  0092  120F               	bcf	15,4	;volatile
   724                           
   725                           ;OSCILADOR.c: 33:             OSCCONbits.IRCF1 = 0;
   726  0093  128F               	bcf	15,5	;volatile
   727                           
   728                           ;OSCILADOR.c: 34:             OSCCONbits.IRCF2 = 1;
   729  0094  170F               	bsf	15,6	;volatile
   730                           
   731                           ;OSCILADOR.c: 35:             break;
   732  0095  28D0               	goto	l162
   733  0096                     l167:	
   734                           ;OSCILADOR.c: 36:         case 5:
   735                           
   736                           
   737                           ;OSCILADOR.c: 37:             OSCCONbits.IRCF0 = 1;
   738  0096  1683               	bsf	3,5	;RP0=1, select bank1
   739  0097  1303               	bcf	3,6	;RP1=0, select bank1
   740  0098  160F               	bsf	15,4	;volatile
   741                           
   742                           ;OSCILADOR.c: 38:             OSCCONbits.IRCF1 = 0;
   743  0099  128F               	bcf	15,5	;volatile
   744                           
   745                           ;OSCILADOR.c: 39:             OSCCONbits.IRCF2 = 1;
   746  009A  170F               	bsf	15,6	;volatile
   747                           
   748                           ;OSCILADOR.c: 40:             break;
   749  009B  28D0               	goto	l162
   750  009C                     l168:	
   751                           ;OSCILADOR.c: 41:         case 6:
   752                           
   753                           
   754                           ;OSCILADOR.c: 42:             OSCCONbits.IRCF0 = 0;
   755  009C  1683               	bsf	3,5	;RP0=1, select bank1
   756  009D  1303               	bcf	3,6	;RP1=0, select bank1
   757  009E  120F               	bcf	15,4	;volatile
   758                           
   759                           ;OSCILADOR.c: 43:             OSCCONbits.IRCF1 = 1;
   760  009F  168F               	bsf	15,5	;volatile
   761                           
   762                           ;OSCILADOR.c: 44:             OSCCONbits.IRCF2 = 1;
   763  00A0  170F               	bsf	15,6	;volatile
   764                           
   765                           ;OSCILADOR.c: 45:             break;
   766  00A1  28D0               	goto	l162
   767  00A2                     l169:	
   768                           ;OSCILADOR.c: 46:         case 7:
   769                           
   770                           
   771                           ;OSCILADOR.c: 47:             OSCCONbits.IRCF0 = 1;
   772  00A2  1683               	bsf	3,5	;RP0=1, select bank1
   773  00A3  1303               	bcf	3,6	;RP1=0, select bank1
   774  00A4  160F               	bsf	15,4	;volatile
   775                           
   776                           ;OSCILADOR.c: 48:             OSCCONbits.IRCF1 = 1;
   777  00A5  168F               	bsf	15,5	;volatile
   778                           
   779                           ;OSCILADOR.c: 49:             OSCCONbits.IRCF2 = 1;
   780  00A6  170F               	bsf	15,6	;volatile
   781                           
   782                           ;OSCILADOR.c: 50:             break;
   783  00A7  28D0               	goto	l162
   784  00A8                     l170:	
   785                           ;OSCILADOR.c: 51:         default:
   786                           
   787                           
   788                           ;OSCILADOR.c: 52:             OSCCONbits.IRCF0 = 0;
   789  00A8  1683               	bsf	3,5	;RP0=1, select bank1
   790  00A9  1303               	bcf	3,6	;RP1=0, select bank1
   791  00AA  120F               	bcf	15,4	;volatile
   792                           
   793                           ;OSCILADOR.c: 53:             OSCCONbits.IRCF1 = 1;
   794  00AB  168F               	bsf	15,5	;volatile
   795                           
   796                           ;OSCILADOR.c: 54:             OSCCONbits.IRCF2 = 1;
   797  00AC  170F               	bsf	15,6	;volatile
   798                           
   799                           ;OSCILADOR.c: 55:             break;
   800  00AD  28D0               	goto	l162
   801  00AE                     l807:	
   802  00AE  0875               	movf	initOsc@frec,w
   803  00AF  00F3               	movwf	??_initOsc
   804  00B0  01F4               	clrf	??_initOsc+1
   805                           
   806                           ; Switch on 2 bytes has been partitioned into a top level switch of size 1, and 1 sub-sw
      +                          itches
   807                           ; Switch size 1, requested type "simple"
   808                           ; Number of cases is 1, Range of values is 0 to 0
   809                           ; switch strategies available:
   810                           ; Name         Instructions Cycles
   811                           ; simple_byte            4     3 (average)
   812                           ; direct_byte           11     8 (fixed)
   813                           ; jumptable            260     6 (fixed)
   814                           ;	Chosen strategy is simple_byte
   815  00B1  0874               	movf	??_initOsc+1,w
   816  00B2  3A00               	xorlw	0	; case 0
   817  00B3  1903               	skipnz
   818  00B4  28B6               	goto	l933
   819  00B5  28A8               	goto	l170
   820  00B6                     l933:	
   821                           
   822                           ; Switch size 1, requested type "simple"
   823                           ; Number of cases is 8, Range of values is 0 to 7
   824                           ; switch strategies available:
   825                           ; Name         Instructions Cycles
   826                           ; simple_byte           25    13 (average)
   827                           ; direct_byte           32     8 (fixed)
   828                           ; jumptable            260     6 (fixed)
   829                           ;	Chosen strategy is simple_byte
   830  00B6  0873               	movf	??_initOsc,w
   831  00B7  3A00               	xorlw	0	; case 0
   832  00B8  1903               	skipnz
   833  00B9  2878               	goto	l161
   834  00BA  3A01               	xorlw	1	; case 1
   835  00BB  1903               	skipnz
   836  00BC  287E               	goto	l163
   837  00BD  3A03               	xorlw	3	; case 2
   838  00BE  1903               	skipnz
   839  00BF  2884               	goto	l164
   840  00C0  3A01               	xorlw	1	; case 3
   841  00C1  1903               	skipnz
   842  00C2  288A               	goto	l165
   843  00C3  3A07               	xorlw	7	; case 4
   844  00C4  1903               	skipnz
   845  00C5  2890               	goto	l166
   846  00C6  3A01               	xorlw	1	; case 5
   847  00C7  1903               	skipnz
   848  00C8  2896               	goto	l167
   849  00C9  3A03               	xorlw	3	; case 6
   850  00CA  1903               	skipnz
   851  00CB  289C               	goto	l168
   852  00CC  3A01               	xorlw	1	; case 7
   853  00CD  1903               	skipnz
   854  00CE  28A2               	goto	l169
   855  00CF  28A8               	goto	l170
   856  00D0                     l162:	
   857                           
   858                           ;OSCILADOR.c: 58:     OSCCONbits.SCS = 1;
   859  00D0  140F               	bsf	15,0	;volatile
   860  00D1                     l171:	
   861  00D1  0008               	return
   862  00D2                     __end_of_initOsc:	
   863                           
   864                           	psect	text2
   865  00FF                     __ptext2:	
   866 ;; *************** function _SETUP *****************
   867 ;; Defined at:
   868 ;;		line 85 in file "Lab5_SLAVE4.c"
   869 ;; Parameters:    Size  Location     Type
   870 ;;		None
   871 ;; Auto vars:     Size  Location     Type
   872 ;;		None
   873 ;; Return value:  Size  Location     Type
   874 ;;                  1    wreg      void 
   875 ;; Registers used:
   876 ;;		wreg, status,2, status,0, pclath, cstack
   877 ;; Tracked objects:
   878 ;;		On entry : 0/0
   879 ;;		On exit  : 0/0
   880 ;;		Unchanged: 0/0
   881 ;; Data sizes:     COMMON   BANK0   BANK1   BANK3   BANK2
   882 ;;      Params:         0       0       0       0       0
   883 ;;      Locals:         0       0       0       0       0
   884 ;;      Temps:          0       0       0       0       0
   885 ;;      Totals:         0       0       0       0       0
   886 ;;Total ram usage:        0 bytes
   887 ;; Hardware stack levels used:    1
   888 ;; Hardware stack levels required when called:    2
   889 ;; This function calls:
   890 ;;		_I2C_Slave_Init
   891 ;; This function is called by:
   892 ;;		_main
   893 ;; This function uses a non-reentrant model
   894 ;;
   895                           
   896                           
   897                           ;psect for function _SETUP
   898  00FF                     _SETUP:	
   899  00FF                     l781:	
   900                           ;incstack = 0
   901                           ; Regs used in _SETUP: [wreg+status,2+status,0+pclath+cstack]
   902                           
   903                           
   904                           ;Lab5_SLAVE4.c: 86:     TRISA = 0b00000001;
   905  00FF  3001               	movlw	1
   906  0100  1683               	bsf	3,5	;RP0=1, select bank1
   907  0101  1303               	bcf	3,6	;RP1=0, select bank1
   908  0102  0085               	movwf	5	;volatile
   909  0103                     l783:	
   910                           
   911                           ;Lab5_SLAVE4.c: 87:     TRISB = 0;
   912  0103  0186               	clrf	6	;volatile
   913  0104                     l785:	
   914                           
   915                           ;Lab5_SLAVE4.c: 88:     TRISC = 0b00011000;
   916  0104  3018               	movlw	24
   917  0105  0087               	movwf	7	;volatile
   918                           
   919                           ;Lab5_SLAVE4.c: 89:     TRISD = 0;
   920  0106  0188               	clrf	8	;volatile
   921                           
   922                           ;Lab5_SLAVE4.c: 90:     TRISE = 0;
   923  0107  0189               	clrf	9	;volatile
   924  0108                     l787:	
   925                           
   926                           ;Lab5_SLAVE4.c: 91:     ANSEL = 0b00000001;
   927  0108  3001               	movlw	1
   928  0109  1683               	bsf	3,5	;RP0=1, select bank3
   929  010A  1703               	bsf	3,6	;RP1=1, select bank3
   930  010B  0088               	movwf	8	;volatile
   931  010C                     l789:	
   932                           
   933                           ;Lab5_SLAVE4.c: 92:     ANSELH = 0;
   934  010C  0189               	clrf	9	;volatile
   935  010D                     l791:	
   936                           
   937                           ;Lab5_SLAVE4.c: 93:     PORTB = 0;
   938  010D  1283               	bcf	3,5	;RP0=0, select bank0
   939  010E  1303               	bcf	3,6	;RP1=0, select bank0
   940  010F  0186               	clrf	6	;volatile
   941  0110                     l793:	
   942                           
   943                           ;Lab5_SLAVE4.c: 94:     PORTC = 0;
   944  0110  0187               	clrf	7	;volatile
   945  0111                     l795:	
   946                           
   947                           ;Lab5_SLAVE4.c: 95:     PORTD = 0;
   948  0111  0188               	clrf	8	;volatile
   949  0112                     l797:	
   950                           
   951                           ;Lab5_SLAVE4.c: 96:     PORTE = 0;
   952  0112  0189               	clrf	9	;volatile
   953  0113                     l799:	
   954                           
   955                           ;Lab5_SLAVE4.c: 97:     PORTA = 0;
   956  0113  0185               	clrf	5	;volatile
   957  0114                     l801:	
   958                           
   959                           ;Lab5_SLAVE4.c: 98:     I2C_Slave_Init(0x40);
   960  0114  3040               	movlw	64
   961  0115  120A  118A  211B  120A  118A  	fcall	_I2C_Slave_Init
   962  011A                     l132:	
   963  011A  0008               	return
   964  011B                     __end_of_SETUP:	
   965                           
   966                           	psect	text3
   967  011B                     __ptext3:	
   968 ;; *************** function _I2C_Slave_Init *****************
   969 ;; Defined at:
   970 ;;		line 76 in file "I2C.c"
   971 ;; Parameters:    Size  Location     Type
   972 ;;  address         1    wreg     unsigned char 
   973 ;; Auto vars:     Size  Location     Type
   974 ;;  address         1    3[COMMON] unsigned char 
   975 ;; Return value:  Size  Location     Type
   976 ;;                  1    wreg      void 
   977 ;; Registers used:
   978 ;;		wreg
   979 ;; Tracked objects:
   980 ;;		On entry : 0/0
   981 ;;		On exit  : 0/0
   982 ;;		Unchanged: 0/0
   983 ;; Data sizes:     COMMON   BANK0   BANK1   BANK3   BANK2
   984 ;;      Params:         0       0       0       0       0
   985 ;;      Locals:         1       0       0       0       0
   986 ;;      Temps:          0       0       0       0       0
   987 ;;      Totals:         1       0       0       0       0
   988 ;;Total ram usage:        1 bytes
   989 ;; Hardware stack levels used:    1
   990 ;; Hardware stack levels required when called:    1
   991 ;; This function calls:
   992 ;;		Nothing
   993 ;; This function is called by:
   994 ;;		_SETUP
   995 ;; This function uses a non-reentrant model
   996 ;;
   997                           
   998                           
   999                           ;psect for function _I2C_Slave_Init
  1000  011B                     _I2C_Slave_Init:	
  1001                           
  1002                           ;incstack = 0
  1003                           ; Regs used in _I2C_Slave_Init: [wreg]
  1004                           ;I2C_Slave_Init@address stored from wreg
  1005  011B  00F3               	movwf	I2C_Slave_Init@address
  1006  011C                     l763:	
  1007                           
  1008                           ;I2C.c: 77:     SSPADD = address;
  1009  011C  0873               	movf	I2C_Slave_Init@address,w
  1010  011D  1683               	bsf	3,5	;RP0=1, select bank1
  1011  011E  1303               	bcf	3,6	;RP1=0, select bank1
  1012  011F  0093               	movwf	19	;volatile
  1013                           
  1014                           ;I2C.c: 78:     SSPCON = 0x36;
  1015  0120  3036               	movlw	54
  1016  0121  1283               	bcf	3,5	;RP0=0, select bank0
  1017  0122  1303               	bcf	3,6	;RP1=0, select bank0
  1018  0123  0094               	movwf	20	;volatile
  1019                           
  1020                           ;I2C.c: 79:     SSPSTAT = 0x80;
  1021  0124  3080               	movlw	128
  1022  0125  1683               	bsf	3,5	;RP0=1, select bank1
  1023  0126  1303               	bcf	3,6	;RP1=0, select bank1
  1024  0127  0094               	movwf	20	;volatile
  1025                           
  1026                           ;I2C.c: 80:     SSPCON2 = 0x01;
  1027  0128  3001               	movlw	1
  1028  0129  0091               	movwf	17	;volatile
  1029  012A                     l765:	
  1030                           
  1031                           ;I2C.c: 81:     TRISC3 = 1;
  1032  012A  1587               	bsf	7,3	;volatile
  1033  012B                     l767:	
  1034                           
  1035                           ;I2C.c: 82:     TRISC4 = 1;
  1036  012B  1607               	bsf	7,4	;volatile
  1037  012C                     l769:	
  1038                           
  1039                           ;I2C.c: 83:     GIE = 1;
  1040  012C  178B               	bsf	11,7	;volatile
  1041  012D                     l771:	
  1042                           
  1043                           ;I2C.c: 84:     PEIE = 1;
  1044  012D  170B               	bsf	11,6	;volatile
  1045  012E                     l773:	
  1046                           
  1047                           ;I2C.c: 85:     SSPIF = 0;
  1048  012E  1283               	bcf	3,5	;RP0=0, select bank0
  1049  012F  1303               	bcf	3,6	;RP1=0, select bank0
  1050  0130  118C               	bcf	12,3	;volatile
  1051  0131                     l775:	
  1052                           
  1053                           ;I2C.c: 86:     SSPIE = 1;
  1054  0131  1683               	bsf	3,5	;RP0=1, select bank1
  1055  0132  1303               	bcf	3,6	;RP1=0, select bank1
  1056  0133  158C               	bsf	12,3	;volatile
  1057  0134                     l55:	
  1058  0134  0008               	return
  1059  0135                     __end_of_I2C_Slave_Init:	
  1060                           
  1061                           	psect	text4
  1062  00D2                     __ptext4:	
  1063 ;; *************** function _ADC1 *****************
  1064 ;; Defined at:
  1065 ;;		line 3 in file "ADC.c"
  1066 ;; Parameters:    Size  Location     Type
  1067 ;;		None
  1068 ;; Auto vars:     Size  Location     Type
  1069 ;;		None
  1070 ;; Return value:  Size  Location     Type
  1071 ;;                  1    wreg      void 
  1072 ;; Registers used:
  1073 ;;		wreg
  1074 ;; Tracked objects:
  1075 ;;		On entry : 0/0
  1076 ;;		On exit  : 0/0
  1077 ;;		Unchanged: 0/0
  1078 ;; Data sizes:     COMMON   BANK0   BANK1   BANK3   BANK2
  1079 ;;      Params:         0       0       0       0       0
  1080 ;;      Locals:         0       0       0       0       0
  1081 ;;      Temps:          1       0       0       0       0
  1082 ;;      Totals:         1       0       0       0       0
  1083 ;;Total ram usage:        1 bytes
  1084 ;; Hardware stack levels used:    1
  1085 ;; Hardware stack levels required when called:    1
  1086 ;; This function calls:
  1087 ;;		Nothing
  1088 ;; This function is called by:
  1089 ;;		_main
  1090 ;; This function uses a non-reentrant model
  1091 ;;
  1092                           
  1093                           
  1094                           ;psect for function _ADC1
  1095  00D2                     _ADC1:	
  1096  00D2                     l813:	
  1097                           ;incstack = 0
  1098                           ; Regs used in _ADC1: [wreg]
  1099                           
  1100                           
  1101                           ;ADC.c: 4:     ADCON0bits.ADCS0 = 0;
  1102  00D2  1283               	bcf	3,5	;RP0=0, select bank0
  1103  00D3  1303               	bcf	3,6	;RP1=0, select bank0
  1104  00D4  131F               	bcf	31,6	;volatile
  1105                           
  1106                           ;ADC.c: 5:     ADCON0bits.ADCS1 = 1;
  1107  00D5  179F               	bsf	31,7	;volatile
  1108                           
  1109                           ;ADC.c: 6:     ADCON0bits.ADON = 1;
  1110  00D6  141F               	bsf	31,0	;volatile
  1111                           
  1112                           ;ADC.c: 7:     ADCON1bits.ADFM = 0;
  1113  00D7  1683               	bsf	3,5	;RP0=1, select bank1
  1114  00D8  1303               	bcf	3,6	;RP1=0, select bank1
  1115  00D9  139F               	bcf	31,7	;volatile
  1116                           
  1117                           ;ADC.c: 8:     ADCON1bits.VCFG0 = 0;
  1118  00DA  121F               	bcf	31,4	;volatile
  1119                           
  1120                           ;ADC.c: 9:     ADCON1bits.VCFG1 = 0;
  1121  00DB  129F               	bcf	31,5	;volatile
  1122  00DC                     l815:	
  1123                           
  1124                           ;ADC.c: 11:         _delay((unsigned long)((1)*(4000000/4000.0)));
  1125  00DC  30C7               	movlw	199
  1126  00DD  00F3               	movwf	??_ADC1
  1127  00DE                     u157:	
  1128  00DE  28DF               	nop2
  1129  00DF  0BF3               	decfsz	??_ADC1,f
  1130  00E0  28DE               	goto	u157
  1131  00E1  28E2               	nop2
  1132  00E2  28E3               	nop2
  1133  00E3                     l817:	
  1134                           
  1135                           ;ADC.c: 12:         ADCON0bits.CHS0 = 0;
  1136  00E3  1283               	bcf	3,5	;RP0=0, select bank0
  1137  00E4  1303               	bcf	3,6	;RP1=0, select bank0
  1138  00E5  111F               	bcf	31,2	;volatile
  1139  00E6                     l819:	
  1140                           
  1141                           ;ADC.c: 13:         ADCON0bits.CHS1 = 0;
  1142  00E6  119F               	bcf	31,3	;volatile
  1143  00E7                     l821:	
  1144                           
  1145                           ;ADC.c: 14:         ADCON0bits.CHS2 = 0;
  1146  00E7  121F               	bcf	31,4	;volatile
  1147  00E8                     l823:	
  1148                           
  1149                           ;ADC.c: 15:         ADCON0bits.CHS3 = 0;
  1150  00E8  129F               	bcf	31,5	;volatile
  1151                           
  1152                           ;ADC.c: 16:         _delay((unsigned long)((600)*(4000000/4000000.0)));
  1153  00E9  30C7               	movlw	199
  1154  00EA  00F3               	movwf	??_ADC1
  1155  00EB                     u167:	
  1156  00EB  0BF3               	decfsz	??_ADC1,f
  1157  00EC  28EB               	goto	u167
  1158  00ED  28EE               	nop2
  1159  00EE                     l825:	
  1160                           
  1161                           ;ADC.c: 17:         ADCON0bits.ADON = 1;
  1162  00EE  1283               	bcf	3,5	;RP0=0, select bank0
  1163  00EF  1303               	bcf	3,6	;RP1=0, select bank0
  1164  00F0  141F               	bsf	31,0	;volatile
  1165  00F1                     l827:	
  1166                           
  1167                           ;ADC.c: 18:         PIR1bits.ADIF = 0;
  1168  00F1  130C               	bcf	12,6	;volatile
  1169  00F2                     l829:	
  1170                           
  1171                           ;ADC.c: 19:         ADCON0bits.GO = 1;
  1172  00F2  149F               	bsf	31,1	;volatile
  1173  00F3                     l150:	
  1174                           ;ADC.c: 20:         while(ADCON0bits.GO == 1);
  1175                           
  1176  00F3  189F               	btfsc	31,1	;volatile
  1177  00F4  28F6               	goto	u31
  1178  00F5  28F7               	goto	u30
  1179  00F6                     u31:	
  1180  00F6  28F3               	goto	l150
  1181  00F7                     u30:	
  1182  00F7                     l831:	
  1183                           
  1184                           ;ADC.c: 21:         adc = ADRESH;
  1185  00F7  081E               	movf	30,w	;volatile
  1186  00F8  00F3               	movwf	??_ADC1
  1187  00F9  0873               	movf	??_ADC1,w
  1188  00FA  00F7               	movwf	_adc
  1189                           
  1190                           ;ADC.c: 22:         PORTB = adc;
  1191  00FB  0877               	movf	_adc,w
  1192  00FC  0086               	movwf	6	;volatile
  1193  00FD  28DC               	goto	l815
  1194  00FE  0008               	return
  1195  00FF                     __end_of_ADC1:	
  1196                           
  1197                           	psect	text5
  1198  0015                     __ptext5:	
  1199 ;; *************** function _isr *****************
  1200 ;; Defined at:
  1201 ;;		line 42 in file "Lab5_SLAVE4.c"
  1202 ;; Parameters:    Size  Location     Type
  1203 ;;		None
  1204 ;; Auto vars:     Size  Location     Type
  1205 ;;		None
  1206 ;; Return value:  Size  Location     Type
  1207 ;;                  1    wreg      void 
  1208 ;; Registers used:
  1209 ;;		wreg
  1210 ;; Tracked objects:
  1211 ;;		On entry : 0/0
  1212 ;;		On exit  : 0/0
  1213 ;;		Unchanged: 0/0
  1214 ;; Data sizes:     COMMON   BANK0   BANK1   BANK3   BANK2
  1215 ;;      Params:         0       0       0       0       0
  1216 ;;      Locals:         0       0       0       0       0
  1217 ;;      Temps:          3       0       0       0       0
  1218 ;;      Totals:         3       0       0       0       0
  1219 ;;Total ram usage:        3 bytes
  1220 ;; Hardware stack levels used:    1
  1221 ;; This function calls:
  1222 ;;		Nothing
  1223 ;; This function is called by:
  1224 ;;		Interrupt level 1
  1225 ;; This function uses a non-reentrant model
  1226 ;;
  1227                           
  1228                           
  1229                           ;psect for function _isr
  1230  0015                     _isr:	
  1231  0015                     i1l873:	
  1232                           
  1233                           ;Lab5_SLAVE4.c: 43:    if(PIR1bits.SSPIF == 1){
  1234  0015  1283               	bcf	3,5	;RP0=0, select bank0
  1235  0016  1303               	bcf	3,6	;RP1=0, select bank0
  1236  0017  1D8C               	btfss	12,3	;volatile
  1237  0018  281A               	goto	u6_21
  1238  0019  281B               	goto	u6_20
  1239  001A                     u6_21:	
  1240  001A  286F               	goto	i1l121
  1241  001B                     u6_20:	
  1242  001B                     i1l875:	
  1243                           
  1244                           ;Lab5_SLAVE4.c: 45:         SSPCONbits.CKP = 0;
  1245  001B  1214               	bcf	20,4	;volatile
  1246                           
  1247                           ;Lab5_SLAVE4.c: 47:         if ((SSPCONbits.SSPOV) || (SSPCONbits.WCOL)){
  1248  001C  1B14               	btfsc	20,6	;volatile
  1249  001D  281F               	goto	u7_21
  1250  001E  2820               	goto	u7_20
  1251  001F                     u7_21:	
  1252  001F  2824               	goto	i1l879
  1253  0020                     u7_20:	
  1254  0020                     i1l877:	
  1255  0020  1F94               	btfss	20,7	;volatile
  1256  0021  2823               	goto	u8_21
  1257  0022  2824               	goto	u8_20
  1258  0023                     u8_21:	
  1259  0023  282B               	goto	i1l887
  1260  0024                     u8_20:	
  1261  0024                     i1l879:	
  1262                           
  1263                           ;Lab5_SLAVE4.c: 48:             z = SSPBUF;
  1264  0024  0813               	movf	19,w	;volatile
  1265  0025  00F0               	movwf	??_isr
  1266  0026  0870               	movf	??_isr,w
  1267  0027  00F6               	movwf	_z
  1268  0028                     i1l881:	
  1269                           
  1270                           ;Lab5_SLAVE4.c: 49:             SSPCONbits.SSPOV = 0;
  1271  0028  1314               	bcf	20,6	;volatile
  1272  0029                     i1l883:	
  1273                           
  1274                           ;Lab5_SLAVE4.c: 50:             SSPCONbits.WCOL = 0;
  1275  0029  1394               	bcf	20,7	;volatile
  1276  002A                     i1l885:	
  1277                           
  1278                           ;Lab5_SLAVE4.c: 51:             SSPCONbits.CKP = 1;
  1279  002A  1614               	bsf	20,4	;volatile
  1280  002B                     i1l887:	
  1281                           
  1282                           ;Lab5_SLAVE4.c: 54:         if(!SSPSTATbits.D_nA && !SSPSTATbits.R_nW) {
  1283  002B  1683               	bsf	3,5	;RP0=1, select bank1
  1284  002C  1303               	bcf	3,6	;RP1=0, select bank1
  1285  002D  1A94               	btfsc	20,5	;volatile
  1286  002E  2830               	goto	u9_21
  1287  002F  2831               	goto	u9_20
  1288  0030                     u9_21:	
  1289  0030  284C               	goto	i1l112
  1290  0031                     u9_20:	
  1291  0031                     i1l889:	
  1292  0031  1914               	btfsc	20,2	;volatile
  1293  0032  2834               	goto	u10_21
  1294  0033  2835               	goto	u10_20
  1295  0034                     u10_21:	
  1296  0034  284C               	goto	i1l112
  1297  0035                     u10_20:	
  1298  0035                     i1l891:	
  1299                           
  1300                           ;Lab5_SLAVE4.c: 56:             z = SSPBUF;
  1301  0035  1283               	bcf	3,5	;RP0=0, select bank0
  1302  0036  1303               	bcf	3,6	;RP1=0, select bank0
  1303  0037  0813               	movf	19,w	;volatile
  1304  0038  00F0               	movwf	??_isr
  1305  0039  0870               	movf	??_isr,w
  1306  003A  00F6               	movwf	_z
  1307  003B                     i1l893:	
  1308                           
  1309                           ;Lab5_SLAVE4.c: 58:             PIR1bits.SSPIF = 0;
  1310  003B  118C               	bcf	12,3	;volatile
  1311  003C                     i1l895:	
  1312                           
  1313                           ;Lab5_SLAVE4.c: 59:             SSPCONbits.CKP = 1;
  1314  003C  1614               	bsf	20,4	;volatile
  1315  003D                     i1l113:	
  1316                           ;Lab5_SLAVE4.c: 60:             while(!SSPSTATbits.BF);
  1317                           
  1318  003D  1683               	bsf	3,5	;RP0=1, select bank1
  1319  003E  1303               	bcf	3,6	;RP1=0, select bank1
  1320  003F  1C14               	btfss	20,0	;volatile
  1321  0040  2842               	goto	u11_21
  1322  0041  2843               	goto	u11_20
  1323  0042                     u11_21:	
  1324  0042  283D               	goto	i1l113
  1325  0043                     u11_20:	
  1326  0043                     i1l897:	
  1327                           
  1328                           ;Lab5_SLAVE4.c: 61:             PORTD = SSPBUF;
  1329  0043  1283               	bcf	3,5	;RP0=0, select bank0
  1330  0044  1303               	bcf	3,6	;RP1=0, select bank0
  1331  0045  0813               	movf	19,w	;volatile
  1332  0046  0088               	movwf	8	;volatile
  1333                           
  1334                           ;Lab5_SLAVE4.c: 62:             _delay((unsigned long)((250)*(4000000/4000000.0)));
  1335  0047  3053               	movlw	83
  1336  0048  00F0               	movwf	??_isr
  1337  0049                     u17_27:	
  1338  0049  0BF0               	decfsz	??_isr,f
  1339  004A  2849               	goto	u17_27
  1340                           
  1341                           ;Lab5_SLAVE4.c: 64:         }else if(!SSPSTATbits.D_nA && SSPSTATbits.R_nW){
  1342  004B  286C               	goto	i1l116
  1343  004C                     i1l112:	
  1344  004C  1A94               	btfsc	20,5	;volatile
  1345  004D  284F               	goto	u12_21
  1346  004E  2850               	goto	u12_20
  1347  004F                     u12_21:	
  1348  004F  286C               	goto	i1l116
  1349  0050                     u12_20:	
  1350  0050                     i1l899:	
  1351  0050  1D14               	btfss	20,2	;volatile
  1352  0051  2853               	goto	u13_21
  1353  0052  2854               	goto	u13_20
  1354  0053                     u13_21:	
  1355  0053  286C               	goto	i1l116
  1356  0054                     u13_20:	
  1357  0054                     i1l901:	
  1358                           
  1359                           ;Lab5_SLAVE4.c: 65:             z = SSPBUF;
  1360  0054  1283               	bcf	3,5	;RP0=0, select bank0
  1361  0055  1303               	bcf	3,6	;RP1=0, select bank0
  1362  0056  0813               	movf	19,w	;volatile
  1363  0057  00F0               	movwf	??_isr
  1364  0058  0870               	movf	??_isr,w
  1365  0059  00F6               	movwf	_z
  1366  005A                     i1l903:	
  1367                           
  1368                           ;Lab5_SLAVE4.c: 66:             BF = 0;
  1369  005A  1683               	bsf	3,5	;RP0=1, select bank1
  1370  005B  1303               	bcf	3,6	;RP1=0, select bank1
  1371  005C  1014               	bcf	20,0	;volatile
  1372                           
  1373                           ;Lab5_SLAVE4.c: 67:             SSPBUF = PORTB;
  1374  005D  1283               	bcf	3,5	;RP0=0, select bank0
  1375  005E  1303               	bcf	3,6	;RP1=0, select bank0
  1376  005F  0806               	movf	6,w	;volatile
  1377  0060  0093               	movwf	19	;volatile
  1378  0061                     i1l905:	
  1379                           
  1380                           ;Lab5_SLAVE4.c: 68:             SSPCONbits.CKP = 1;
  1381  0061  1614               	bsf	20,4	;volatile
  1382                           
  1383                           ;Lab5_SLAVE4.c: 69:             _delay((unsigned long)((250)*(4000000/4000000.0)));
  1384  0062  3053               	movlw	83
  1385  0063  00F0               	movwf	??_isr
  1386  0064                     u18_27:	
  1387  0064  0BF0               	decfsz	??_isr,f
  1388  0065  2864               	goto	u18_27
  1389  0066                     i1l118:	
  1390                           ;Lab5_SLAVE4.c: 70:             while(SSPSTATbits.BF);
  1391                           
  1392  0066  1683               	bsf	3,5	;RP0=1, select bank1
  1393  0067  1303               	bcf	3,6	;RP1=0, select bank1
  1394  0068  1814               	btfsc	20,0	;volatile
  1395  0069  286B               	goto	u14_21
  1396  006A  286C               	goto	u14_20
  1397  006B                     u14_21:	
  1398  006B  2866               	goto	i1l118
  1399  006C                     u14_20:	
  1400  006C                     i1l116:	
  1401                           
  1402                           ;Lab5_SLAVE4.c: 73:         PIR1bits.SSPIF = 0;
  1403  006C  1283               	bcf	3,5	;RP0=0, select bank0
  1404  006D  1303               	bcf	3,6	;RP1=0, select bank0
  1405  006E  118C               	bcf	12,3	;volatile
  1406  006F                     i1l121:	
  1407  006F  0872               	movf	??_isr+2,w
  1408  0070  008A               	movwf	10
  1409  0071  0E71               	swapf	(??_isr+1)^(0+4294967168),w
  1410  0072  0083               	movwf	3
  1411  0073  0EFE               	swapf	btemp,f
  1412  0074  0E7E               	swapf	btemp,w
  1413  0075  0009               	retfie
  1414  0076                     __end_of_isr:	
  1415  007E                     btemp	set	126	;btemp
  1416  007E                     wtemp0	set	126
  1417                           
  1418                           	psect	intentry
  1419  0004                     __pintentry:	
  1420                           ;incstack = 0
  1421                           ; Regs used in _isr: [wreg]
  1422                           
  1423  0004                     interrupt_function:	
  1424  007E                     saved_w	set	btemp
  1425  0004  00FE               	movwf	btemp
  1426  0005  0E03               	swapf	3,w
  1427  0006  00F1               	movwf	??_isr+1
  1428  0007  080A               	movf	10,w
  1429  0008  00F2               	movwf	??_isr+2
  1430  0009  120A  118A  2815   	ljmp	_isr


Data Sizes:
    Strings     0
    Constant    0
    Data        0
    BSS         2
    Persistent  0
    Stack       0

Auto Spaces:
    Space          Size  Autos    Used
    COMMON           14      6       8
    BANK0            80      0       0
    BANK1            80      0       0
    BANK3            96      0       0
    BANK2            96      0       0

Pointer List with Targets:

    None.

Critical Paths under _main in COMMON

    _main->_initOsc
    _SETUP->_I2C_Slave_Init

Critical Paths under _isr in COMMON

    None.

Critical Paths under _main in BANK0

    None.

Critical Paths under _isr in BANK0

    None.

Critical Paths under _main in BANK1

    None.

Critical Paths under _isr in BANK1

    None.

Critical Paths under _main in BANK3

    None.

Critical Paths under _isr in BANK3

    None.

Critical Paths under _main in BANK2

    None.

Critical Paths under _isr in BANK2

    None.

Call Graph Tables:

 ---------------------------------------------------------------------------------
 (Depth) Function   	        Calls       Base Space   Used Autos Params    Refs
 ---------------------------------------------------------------------------------
 (0) _main                                                 0     0      0      30
                               _ADC1
                              _SETUP
                            _initOsc
 ---------------------------------------------------------------------------------
 (1) _initOsc                                              3     3      0      15
                                              3 COMMON     3     3      0
 ---------------------------------------------------------------------------------
 (1) _SETUP                                                0     0      0      15
                     _I2C_Slave_Init
 ---------------------------------------------------------------------------------
 (2) _I2C_Slave_Init                                       1     1      0      15
                                              3 COMMON     1     1      0
 ---------------------------------------------------------------------------------
 (1) _ADC1                                                 1     1      0       0
                                              3 COMMON     1     1      0
 ---------------------------------------------------------------------------------
 Estimated maximum stack depth 2
 ---------------------------------------------------------------------------------
 (Depth) Function   	        Calls       Base Space   Used Autos Params    Refs
 ---------------------------------------------------------------------------------
 (3) _isr                                                  3     3      0       0
                                              0 COMMON     3     3      0
 ---------------------------------------------------------------------------------
 Estimated maximum stack depth 3
 ---------------------------------------------------------------------------------

 Call Graph Graphs:

 _main (ROOT)
   _ADC1
   _SETUP
     _I2C_Slave_Init
   _initOsc

 _isr (ROOT)

 Address spaces:
Name               Size   Autos  Total    Cost      Usage
BITCOMMON            E      0       0       0        0.0%
EEDATA             100      0       0       0        0.0%
NULL                 0      0       0       0        0.0%
CODE                 0      0       0       0        0.0%
COMMON               E      6       8       1       57.1%
BITSFR0              0      0       0       1        0.0%
SFR0                 0      0       0       1        0.0%
BITSFR1              0      0       0       2        0.0%
SFR1                 0      0       0       2        0.0%
STACK                0      0       0       2        0.0%
ABS                  0      0       8       3        0.0%
BITBANK0            50      0       0       4        0.0%
BITSFR3              0      0       0       4        0.0%
SFR3                 0      0       0       4        0.0%
BANK0               50      0       0       5        0.0%
BITSFR2              0      0       0       5        0.0%
SFR2                 0      0       0       5        0.0%
BITBANK1            50      0       0       6        0.0%
BANK1               50      0       0       7        0.0%
BITBANK3            60      0       0       8        0.0%
BANK3               60      0       0       9        0.0%
BITBANK2            60      0       0      10        0.0%
BANK2               60      0       0      11        0.0%
DATA                 0      0       8      12        0.0%


Microchip Technology PIC Macro Assembler V2.10 build 88905656 
Symbol Table                                                                                   Thu Feb 27 14:39:22 2020

                       _z 0076               __CFG_CP$OFF 0000               _SSPSTATbits 0094  
                      _BF 04A0                        l55 0134                        u30 00F7  
                      u31 00F6                       l132 011A                       l150 00F3  
                     l161 0078                       l170 00A8                       l162 00D0  
                     l171 00D1                       l163 007E                       l164 0084  
                     l165 008A                       l166 0090                       l167 0096  
                     l168 009C                       l169 00A2                       l801 0114  
                     l803 0077                       l821 00E7                       l813 00D2  
                     l831 00F7                       l823 00E8                       l815 00DC  
                     l807 00AE                       l911 0140                       l825 00EE  
                     l817 00E3                       l827 00F1                       l819 00E6  
                     l771 012D                       l763 011C                       l907 0135  
                     l829 00F2                       l773 012E                       l765 012A  
                     l781 00FF                       l933 00B6                       l909 013A  
                     l775 0131                       l767 012B                       l791 010D  
                     l783 0103                       l769 012C                       l793 0110  
                     l785 0104                       l795 0111                       l787 0108  
                     l797 0112                       l789 010C                       l799 0113  
                     _GIE 005F                       u157 00DE                       u167 00EB  
            __CFG_CPD$OFF 0000                       _adc 0077                       _isr 0015  
            __CFG_LVP$OFF 0000                      _ADC1 00D2                      ?_isr 0070  
                    _PEIE 005E                      u6_20 001B                      u6_21 001A  
                    u7_20 0020                      u7_21 001F                      u8_20 0024  
                    u8_21 0023                      u9_20 0031                      u9_21 0030  
            __CFG_WRT$OFF 0000                      _main 0135                      btemp 007E  
                    start 000C             __CFG_IESO$OFF 0000                     ?_ADC1 0070  
                   ??_isr 0070                     ?_main 0070             __CFG_WDTE$OFF 0000  
                   _ANSEL 0188                     i1l112 004C                     i1l113 003D  
                   i1l121 006F                     i1l116 006C                     i1l118 0066  
                   i1l901 0054                     i1l903 005A                     i1l905 0061  
                   i1l881 0028                     i1l873 0015                     i1l891 0035  
                   i1l883 0029                     i1l875 001B                     i1l893 003B  
                   i1l885 002A                     i1l877 0020                     i1l895 003C  
                   i1l887 002B                     i1l879 0024                     i1l897 0043  
                   i1l889 0031                     i1l899 0050                     u10_20 0035  
                   u10_21 0034                     u11_20 0043                     u11_21 0042  
                   u12_20 0050                     u12_21 004F                     u13_20 0054  
                   u13_21 0053                     u14_20 006C                     u14_21 006B  
                   u17_27 0049                     _SETUP 00FF                     u18_27 0064  
                   _PORTA 0005                     _PORTB 0006                     _PORTC 0007  
                   _PORTD 0008                     _PORTE 0009                     _TRISA 0085  
                   _TRISB 0086                     _TRISC 0087                     _TRISD 0088  
                   _SSPIE 0463                     _TRISE 0089                     _SSPIF 0063  
          __CFG_FCMEN$OFF 0000           __end_of_initOsc 00D2            __CFG_BOREN$OFF 0000  
                   pclath 000A                     status 0003                     wtemp0 007E  
            __end_of_ADC1 00FF            __CFG_MCLRE$OFF 0000           __initialization 000F  
            __end_of_main 0149                    ??_ADC1 0073                    ??_main 0076  
                  ?_SETUP 0070                    _ADRESH 001E                    _ANSELH 0189  
             initOsc@frec 0075                    _SSPADD 0093                    _TRISC3 043B  
                  _TRISC4 043C                    _SSPCON 0014                    _SSPBUF 0013  
          __CFG_PWRTE$OFF 0000                 ??_initOsc 0073                    saved_w 007E  
 __end_of__initialization 0011             __end_of_SETUP 011B            __pcstackCOMMON 0070  
 __size_of_I2C_Slave_Init 001A                   ??_SETUP 0074     I2C_Slave_Init@address 0073  
              __pmaintext 0135                __pintentry 0004                   _SSPCON2 0091  
                 _SSPSTAT 0094                   __ptext1 0076                   __ptext2 00FF  
                 __ptext3 011B                   __ptext4 00D2                   __ptext5 0015  
                 _initOsc 0076              __size_of_isr 0061      end_of_initialization 0011  
          _I2C_Slave_Init 011B                 _TRISCbits 0087    __end_of_I2C_Slave_Init 0135  
     start_initialization 000F               __end_of_isr 0076  __CFG_FOSC$INTRC_NOCLKOUT 0000  
         ?_I2C_Slave_Init 0070               __pbssCOMMON 0076                 ___latbits 0002  
                ?_initOsc 0070            __size_of_SETUP 001C         interrupt_function 0004  
                _PIR1bits 000C                _ADCON0bits 001F                _ADCON1bits 009F  
        __size_of_initOsc 005C         __CFG_BOR4V$BOR40V 0000             __size_of_ADC1 002D  
        ??_I2C_Slave_Init 0073             __size_of_main 0014                  intlevel1 0000  
              _OSCCONbits 008F               _SSPCON2bits 0091                _SSPCONbits 0014  
